# JRE version: OpenJDK Runtime Environment (8.0_121-b13) (build 1.8.0_121-8u121-b13-0ubuntu1.16.04.2-b13)
# Java VM: OpenJDK 64-Bit Server VM (25.121-b13 mixed mode linux-amd64 compressed oops)
Heap:
 PSYoungGen      total 141824K, used 10484K [0x00000000eb700000, 0x00000000f5080000, 0x0000000100000000)
  eden space 128000K, 0% used [0x00000000eb700000,0x00000000eb700000,0x00000000f3400000)
  from space 13824K, 75% used [0x00000000f3400000,0x00000000f3e3d080,0x00000000f4180000)
  to   space 12288K, 0% used [0x00000000f4180000,0x00000000f4180000,0x00000000f4d80000)
 ParOldGen       total 60416K, used 21278K [0x00000000c2400000, 0x00000000c5f00000, 0x00000000eb700000)
  object space 60416K, 35% used [0x00000000c2400000,0x00000000c38c7838,0x00000000c5f00000)
 Metaspace       used 47783K, capacity 48162K, committed 48640K, reserved 1091584K
  class space    used 6031K, capacity 6131K, committed 6144K, reserved 1048576K
GC Heap History (10 events):
Event: 8.141 GC heap after
Heap after GC invocations=12 (full 1):
 PSYoungGen      total 87040K, used 6642K [0x00000000eb700000, 0x00000000f2980000, 0x0000000100000000)
  eden space 80384K, 0% used [0x00000000eb700000,0x00000000eb700000,0x00000000f0580000)
  from space 6656K, 99% used [0x00000000f0580000,0x00000000f0bfcb10,0x00000000f0c00000)
  to   space 8192K, 0% used [0x00000000f2180000,0x00000000f2180000,0x00000000f2980000)
 ParOldGen       total 36864K, used 12363K [0x00000000c2400000, 0x00000000c4800000, 0x00000000eb700000)
  object space 36864K, 33% used [0x00000000c2400000,0x00000000c3012cc0,0x00000000c4800000)
 Metaspace       used 28742K, capacity 29036K, committed 29440K, reserved 1075200K
  class space    used 3490K, capacity 3578K, committed 3584K, reserved 1048576K
}
Event: 9.053 GC heap before
{Heap before GC invocations=13 (full 1):
 PSYoungGen      total 87040K, used 87026K [0x00000000eb700000, 0x00000000f2980000, 0x0000000100000000)
  eden space 80384K, 100% used [0x00000000eb700000,0x00000000f0580000,0x00000000f0580000)
  from space 6656K, 99% used [0x00000000f0580000,0x00000000f0bfcb10,0x00000000f0c00000)
  to   space 8192K, 0% used [0x00000000f2180000,0x00000000f2180000,0x00000000f2980000)
 ParOldGen       total 36864K, used 12363K [0x00000000c2400000, 0x00000000c4800000, 0x00000000eb700000)
  object space 36864K, 33% used [0x00000000c2400000,0x00000000c3012cc0,0x00000000c4800000)
 Metaspace       used 30001K, capacity 30290K, committed 30720K, reserved 1077248K
  class space    used 3640K, capacity 3739K, committed 3840K, reserved 1048576K
Event: 9.080 GC heap after
Heap after GC invocations=13 (full 1):
 PSYoungGen      total 107520K, used 8181K [0x00000000eb700000, 0x00000000f2d00000, 0x0000000100000000)
  eden space 99328K, 0% used [0x00000000eb700000,0x00000000eb700000,0x00000000f1800000)
  from space 8192K, 99% used [0x00000000f2180000,0x00000000f297d710,0x00000000f2980000)
  to   space 9728K, 0% used [0x00000000f1800000,0x00000000f1800000,0x00000000f2180000)
 ParOldGen       total 36864K, used 13901K [0x00000000c2400000, 0x00000000c4800000, 0x00000000eb700000)
  object space 36864K, 37% used [0x00000000c2400000,0x00000000c31934b0,0x00000000c4800000)
 Metaspace       used 30001K, capacity 30290K, committed 30720K, reserved 1077248K
  class space    used 3640K, capacity 3739K, committed 3840K, reserved 1048576K
}
Event: 9.840 GC heap before
{Heap before GC invocations=14 (full 1):
 PSYoungGen      total 107520K, used 60319K [0x00000000eb700000, 0x00000000f2d00000, 0x0000000100000000)
  eden space 99328K, 52% used [0x00000000eb700000,0x00000000ee9ea6e0,0x00000000f1800000)
  from space 8192K, 99% used [0x00000000f2180000,0x00000000f297d710,0x00000000f2980000)
  to   space 9728K, 0% used [0x00000000f1800000,0x00000000f1800000,0x00000000f2180000)
 ParOldGen       total 36864K, used 13901K [0x00000000c2400000, 0x00000000c4800000, 0x00000000eb700000)
  object space 36864K, 37% used [0x00000000c2400000,0x00000000c31934b0,0x00000000c4800000)
 Metaspace       used 34847K, capacity 35216K, committed 35496K, reserved 1081344K
  class space    used 4252K, capacity 4352K, committed 4352K, reserved 1048576K
Event: 9.887 GC heap after
Heap after GC invocations=14 (full 1):
 PSYoungGen      total 109056K, used 9699K [0x00000000eb700000, 0x00000000f4d80000, 0x0000000100000000)
  eden space 99328K, 0% used [0x00000000eb700000,0x00000000eb700000,0x00000000f1800000)
  from space 9728K, 99% used [0x00000000f1800000,0x00000000f2178da8,0x00000000f2180000)
  to   space 12288K, 0% used [0x00000000f4180000,0x00000000f4180000,0x00000000f4d80000)
 ParOldGen       total 36864K, used 17087K [0x00000000c2400000, 0x00000000c4800000, 0x00000000eb700000)
  object space 36864K, 46% used [0x00000000c2400000,0x00000000c34aff58,0x00000000c4800000)
 Metaspace       used 34847K, capacity 35216K, committed 35496K, reserved 1081344K
  class space    used 4252K, capacity 4352K, committed 4352K, reserved 1048576K
}
Event: 9.887 GC heap before
{Heap before GC invocations=15 (full 2):
 PSYoungGen      total 109056K, used 9699K [0x00000000eb700000, 0x00000000f4d80000, 0x0000000100000000)
  eden space 99328K, 0% used [0x00000000eb700000,0x00000000eb700000,0x00000000f1800000)
  from space 9728K, 99% used [0x00000000f1800000,0x00000000f2178da8,0x00000000f2180000)
  to   space 12288K, 0% used [0x00000000f4180000,0x00000000f4180000,0x00000000f4d80000)
 ParOldGen       total 36864K, used 17087K [0x00000000c2400000, 0x00000000c4800000, 0x00000000eb700000)
  object space 36864K, 46% used [0x00000000c2400000,0x00000000c34aff58,0x00000000c4800000)
 Metaspace       used 34847K, capacity 35216K, committed 35496K, reserved 1081344K
  class space    used 4252K, capacity 4352K, committed 4352K, reserved 1048576K
Event: 10.025 GC heap after
Heap after GC invocations=15 (full 2):
 PSYoungGen      total 109056K, used 0K [0x00000000eb700000, 0x00000000f4d80000, 0x0000000100000000)
  eden space 99328K, 0% used [0x00000000eb700000,0x00000000eb700000,0x00000000f1800000)
  from space 9728K, 0% used [0x00000000f1800000,0x00000000f1800000,0x00000000f2180000)
  to   space 12288K, 0% used [0x00000000f4180000,0x00000000f4180000,0x00000000f4d80000)
 ParOldGen       total 60416K, used 21262K [0x00000000c2400000, 0x00000000c5f00000, 0x00000000eb700000)
  object space 60416K, 35% used [0x00000000c2400000,0x00000000c38c3838,0x00000000c5f00000)
 Metaspace       used 34847K, capacity 35216K, committed 35496K, reserved 1081344K
  class space    used 4252K, capacity 4352K, committed 4352K, reserved 1048576K
}
Event: 12.262 GC heap before
{Heap before GC invocations=16 (full 2):
 PSYoungGen      total 109056K, used 99328K [0x00000000eb700000, 0x00000000f4d80000, 0x0000000100000000)
  eden space 99328K, 100% used [0x00000000eb700000,0x00000000f1800000,0x00000000f1800000)
  from space 9728K, 0% used [0x00000000f1800000,0x00000000f1800000,0x00000000f2180000)
  to   space 12288K, 0% used [0x00000000f4180000,0x00000000f4180000,0x00000000f4d80000)
 ParOldGen       total 60416K, used 21262K [0x00000000c2400000, 0x00000000c5f00000, 0x00000000eb700000)
  object space 60416K, 35% used [0x00000000c2400000,0x00000000c38c3838,0x00000000c5f00000)
 Metaspace       used 45355K, capacity 45698K, committed 46080K, reserved 1089536K
  class space    used 5710K, capacity 5795K, committed 5888K, reserved 1048576K
Event: 12.301 GC heap after
Heap after GC invocations=16 (full 2):
 PSYoungGen      total 140288K, used 12002K [0x00000000eb700000, 0x00000000f5080000, 0x0000000100000000)
  eden space 128000K, 0% used [0x00000000eb700000,0x00000000eb700000,0x00000000f3400000)
  from space 12288K, 97% used [0x00000000f4180000,0x00000000f4d38af0,0x00000000f4d80000)
  to   space 13824K, 0% used [0x00000000f3400000,0x00000000f3400000,0x00000000f4180000)
 ParOldGen       total 60416K, used 21270K [0x00000000c2400000, 0x00000000c5f00000, 0x00000000eb700000)
  object space 60416K, 35% used [0x00000000c2400000,0x00000000c38c5838,0x00000000c5f00000)
 Metaspace       used 45355K, capacity 45698K, committed 46080K, reserved 1089536K
  class space    used 5710K, capacity 5795K, committed 5888K, reserved 1048576K
}
Event: 14.264 GC heap before
{Heap before GC invocations=17 (full 2):
 PSYoungGen      total 140288K, used 140002K [0x00000000eb700000, 0x00000000f5080000, 0x0000000100000000)
  eden space 128000K, 100% used [0x00000000eb700000,0x00000000f3400000,0x00000000f3400000)
  from space 12288K, 97% used [0x00000000f4180000,0x00000000f4d38af0,0x00000000f4d80000)
  to   space 13824K, 0% used [0x00000000f3400000,0x00000000f3400000,0x00000000f4180000)
 ParOldGen       total 60416K, used 21270K [0x00000000c2400000, 0x00000000c5f00000, 0x00000000eb700000)
  object space 60416K, 35% used [0x00000000c2400000,0x00000000c38c5838,0x00000000c5f00000)
 Metaspace       used 47783K, capacity 48162K, committed 48640K, reserved 1091584K
  class space    used 6031K, capacity 6131K, committed 6144K, reserved 1048576K

